

Started GET "/" for 127.0.0.1 at 2013-02-07 13:36:25 +0530
  Processing by AccountsController#index as HTML
Completed 500 Internal Server Error in 4167ms

Databasedotcom::SalesForceError (authentication failure - Failed: API security token required):
  app/controllers/accounts_controller.rb:6:in `index'

Rendered /home/user/.rvm/gems/ruby-1.9.3-p327@global/gems/actionpack-3.1.10/lib/action_dispatch/middleware/templates/rescues/_trace.erb (1.3ms)
Rendered /home/user/.rvm/gems/ruby-1.9.3-p327@global/gems/actionpack-3.1.10/lib/action_dispatch/middleware/templates/rescues/_request_and_response.erb (2.6ms)
Rendered /home/user/.rvm/gems/ruby-1.9.3-p327@global/gems/actionpack-3.1.10/lib/action_dispatch/middleware/templates/rescues/diagnostics.erb within rescues/layout (31.5ms)


Started GET "/" for 127.0.0.1 at 2013-02-07 13:46:24 +0530
  Processing by AccountsController#index as HTML
Completed 500 Internal Server Error in 7410ms

Databasedotcom::SalesForceError (authentication failure - Failed: API security token required):
  app/controllers/accounts_controller.rb:6:in `index'

Rendered /home/user/.rvm/gems/ruby-1.9.3-p327@global/gems/actionpack-3.1.10/lib/action_dispatch/middleware/templates/rescues/_trace.erb (4.9ms)
Rendered /home/user/.rvm/gems/ruby-1.9.3-p327@global/gems/actionpack-3.1.10/lib/action_dispatch/middleware/templates/rescues/_request_and_response.erb (4.3ms)
Rendered /home/user/.rvm/gems/ruby-1.9.3-p327@global/gems/actionpack-3.1.10/lib/action_dispatch/middleware/templates/rescues/diagnostics.erb within rescues/layout (11.4ms)


Started GET "/" for 127.0.0.1 at 2013-02-07 13:49:29 +0530
  Processing by AccountsController#index as HTML
Completed 500 Internal Server Error in 3240ms

Databasedotcom::SalesForceError (authentication failure - Failed: API security token required):
  app/controllers/accounts_controller.rb:6:in `index'

Rendered /home/user/.rvm/gems/ruby-1.9.3-p327@global/gems/actionpack-3.1.10/lib/action_dispatch/middleware/templates/rescues/_trace.erb (1.5ms)
Rendered /home/user/.rvm/gems/ruby-1.9.3-p327@global/gems/actionpack-3.1.10/lib/action_dispatch/middleware/templates/rescues/_request_and_response.erb (1.8ms)
Rendered /home/user/.rvm/gems/ruby-1.9.3-p327@global/gems/actionpack-3.1.10/lib/action_dispatch/middleware/templates/rescues/diagnostics.erb within rescues/layout (5.8ms)


Started GET "/" for 127.0.0.1 at 2013-02-07 13:52:00 +0530
  Processing by AccountsController#index as HTML
Completed 500 Internal Server Error in 3345ms

Databasedotcom::SalesForceError (authentication failure - Failed: API security token required):
  app/controllers/accounts_controller.rb:6:in `index'

Rendered /home/user/.rvm/gems/ruby-1.9.3-p327@global/gems/actionpack-3.1.10/lib/action_dispatch/middleware/templates/rescues/_trace.erb (2.0ms)
Rendered /home/user/.rvm/gems/ruby-1.9.3-p327@global/gems/actionpack-3.1.10/lib/action_dispatch/middleware/templates/rescues/_request_and_response.erb (1.0ms)
Rendered /home/user/.rvm/gems/ruby-1.9.3-p327@global/gems/actionpack-3.1.10/lib/action_dispatch/middleware/templates/rescues/diagnostics.erb within rescues/layout (10.8ms)


Started GET "/" for 127.0.0.1 at 2013-02-07 13:56:23 +0530
  Processing by AccountsController#index as HTML
Completed 500 Internal Server Error in 3176ms

Databasedotcom::SalesForceError (authentication failure - Invalid Password):
  app/controllers/accounts_controller.rb:6:in `index'

Rendered /home/user/.rvm/gems/ruby-1.9.3-p327@global/gems/actionpack-3.1.10/lib/action_dispatch/middleware/templates/rescues/_trace.erb (1.7ms)
Rendered /home/user/.rvm/gems/ruby-1.9.3-p327@global/gems/actionpack-3.1.10/lib/action_dispatch/middleware/templates/rescues/_request_and_response.erb (0.9ms)
Rendered /home/user/.rvm/gems/ruby-1.9.3-p327@global/gems/actionpack-3.1.10/lib/action_dispatch/middleware/templates/rescues/diagnostics.erb within rescues/layout (13.3ms)


Started GET "/" for 127.0.0.1 at 2013-02-07 13:58:50 +0530
  Processing by AccountsController#index as HTML
Rendered accounts/index.html.erb within layouts/application (12.0ms)
Compiled application.css  (4ms)  (pid 7797)
Compiled accounts.css  (70ms)  (pid 7797)
Compiled application.js  (3ms)  (pid 7797)
Compiled jquery.js  (8ms)  (pid 7797)
Compiled jquery_ujs.js  (0ms)  (pid 7797)
Compiled accounts.js  (168ms)  (pid 7797)
Completed 200 OK in 16161ms (Views: 520.5ms | ActiveRecord: 0.0ms)


Started GET "/assets/application.css?body=1" for 127.0.0.1 at 2013-02-07 13:59:08 +0530
Served asset /application.css - 200 OK (9ms)


Started GET "/assets/accounts.css?body=1" for 127.0.0.1 at 2013-02-07 13:59:08 +0530
Served asset /accounts.css - 200 OK (96ms)


Started GET "/assets/jquery.js?body=1" for 127.0.0.1 at 2013-02-07 13:59:08 +0530
Served asset /jquery.js - 200 OK (14ms)


Started GET "/assets/jquery_ujs.js?body=1" for 127.0.0.1 at 2013-02-07 13:59:08 +0530
Served asset /jquery_ujs.js - 200 OK (9ms)


Started GET "/assets/application.js?body=1" for 127.0.0.1 at 2013-02-07 13:59:08 +0530
Served asset /application.js - 200 OK (8ms)


Started GET "/assets/accounts.js?body=1" for 127.0.0.1 at 2013-02-07 13:59:08 +0530
Served asset /accounts.js - 200 OK (26ms)


Started GET "/accounts/00190000005zGHrAAM" for 127.0.0.1 at 2013-02-07 13:59:13 +0530
  Processing by AccountsController#show as HTML
  Parameters: {"id"=>"00190000005zGHrAAM"}
Rendered accounts/show.html.erb within layouts/application (0.5ms)
Completed 200 OK in 1881ms (Views: 17.7ms | ActiveRecord: 0.0ms)


Started GET "/accounts/00190000005zGHsAAM" for 127.0.0.1 at 2013-02-07 13:59:19 +0530
  Processing by AccountsController#show as HTML
  Parameters: {"id"=>"00190000005zGHsAAM"}
Rendered accounts/show.html.erb within layouts/application (0.1ms)
Completed 200 OK in 1774ms (Views: 7.2ms | ActiveRecord: 0.0ms)


Started GET "/accounts/00190000005zGHtAAM" for 127.0.0.1 at 2013-02-07 13:59:23 +0530
  Processing by AccountsController#show as HTML
  Parameters: {"id"=>"00190000005zGHtAAM"}
Rendered accounts/show.html.erb within layouts/application (0.1ms)
Completed 200 OK in 1513ms (Views: 13.3ms | ActiveRecord: 0.0ms)


Started GET "/accounts/00190000005zGHuAAM" for 127.0.0.1 at 2013-02-07 13:59:28 +0530
  Processing by AccountsController#show as HTML
  Parameters: {"id"=>"00190000005zGHuAAM"}
Rendered accounts/show.html.erb within layouts/application (0.1ms)
Completed 200 OK in 2130ms (Views: 8.1ms | ActiveRecord: 0.0ms)


Started GET "/accounts/00190000005zGHwAAM" for 127.0.0.1 at 2013-02-07 13:59:33 +0530
  Processing by AccountsController#show as HTML
  Parameters: {"id"=>"00190000005zGHwAAM"}
Rendered accounts/show.html.erb within layouts/application (0.1ms)
Completed 200 OK in 2310ms (Views: 8.3ms | ActiveRecord: 0.0ms)


Started GET "/accounts/00190000005zGI0AAM" for 127.0.0.1 at 2013-02-07 13:59:38 +0530
  Processing by AccountsController#show as HTML
  Parameters: {"id"=>"00190000005zGI0AAM"}
Rendered accounts/show.html.erb within layouts/application (0.1ms)
Completed 200 OK in 3032ms (Views: 93.0ms | ActiveRecord: 0.0ms)


Started GET "/accounts/00190000005zGI1AAM" for 127.0.0.1 at 2013-02-07 13:59:45 +0530
  Processing by AccountsController#show as HTML
  Parameters: {"id"=>"00190000005zGI1AAM"}
Rendered accounts/show.html.erb within layouts/application (0.2ms)
Completed 200 OK in 2025ms (Views: 19.6ms | ActiveRecord: 0.0ms)


Started GET "/accounts/00190000005zGI2AAM" for 127.0.0.1 at 2013-02-07 13:59:50 +0530
  Processing by AccountsController#show as HTML
  Parameters: {"id"=>"00190000005zGI2AAM"}
Rendered accounts/show.html.erb within layouts/application (0.1ms)
Completed 200 OK in 1760ms (Views: 16.3ms | ActiveRecord: 0.0ms)


Started GET "/accounts/search" for 127.0.0.1 at 2013-02-07 14:00:34 +0530
  Processing by AccountsController#search as HTML
Rendered accounts/search.html.erb within layouts/application (1.2ms)
Completed 200 OK in 5170ms (Views: 19.4ms | ActiveRecord: 0.0ms)


Started GET "/accounts/00190000005zGI1AAM" for 127.0.0.1 at 2013-02-07 14:00:47 +0530
  Processing by AccountsController#show as HTML
  Parameters: {"id"=>"00190000005zGI1AAM"}
Rendered accounts/show.html.erb within layouts/application (0.1ms)
Completed 200 OK in 1807ms (Views: 7.5ms | ActiveRecord: 0.0ms)
